\BOOKMARK [1][-]{section*.1}{Acknowledgments}{}% 1
\BOOKMARK [1][-]{section*.2}{Resumo}{}% 2
\BOOKMARK [1][-]{section*.3}{Abstract}{}% 3
\BOOKMARK [1][-]{section*.5}{List of Tables}{}% 4
\BOOKMARK [1][-]{section*.7}{List of Figures}{}% 5
\BOOKMARK [0][-]{chapter.1}{1 Introduction}{}% 6
\BOOKMARK [1][-]{section.1.1}{1.1 Motivation}{chapter.1}% 7
\BOOKMARK [1][-]{section.1.2}{1.2 Main Goal}{chapter.1}% 8
\BOOKMARK [1][-]{section.1.3}{1.3 Thesis Outline}{chapter.1}% 9
\BOOKMARK [0][-]{chapter.2}{2 Related Work}{}% 10
\BOOKMARK [1][-]{section.2.1}{2.1 Background}{chapter.2}% 11
\BOOKMARK [1][-]{section.2.2}{2.2 Malware Detection}{chapter.2}% 12
\BOOKMARK [1][-]{section.2.3}{2.3 Cuckoo Sandbox and Malwr}{chapter.2}% 13
\BOOKMARK [1][-]{section.2.4}{2.4 Machine Learning}{chapter.2}% 14
\BOOKMARK [1][-]{section.2.5}{2.5 Machine Learning in Malware Detection}{chapter.2}% 15
\BOOKMARK [2][-]{subsection.2.5.1}{2.5.1 Best Practices for ml in Malware Detection}{section.2.5}% 16
\BOOKMARK [2][-]{subsection.2.5.2}{2.5.2 Malware Detection using Static and Dynamic Features}{section.2.5}% 17
\BOOKMARK [2][-]{subsection.2.5.3}{2.5.3 Pitfalls of Using Classical Validation Methodologies}{section.2.5}% 18
\BOOKMARK [0][-]{chapter.3}{3 Data Collection}{}% 19
\BOOKMARK [1][-]{section.3.1}{3.1 Data Sources}{chapter.3}% 20
\BOOKMARK [1][-]{section.3.2}{3.2 Data Analysis}{chapter.3}% 21
\BOOKMARK [2][-]{subsection.3.2.1}{3.2.1 High Level Analysis}{section.3.2}% 22
\BOOKMARK [2][-]{subsection.3.2.2}{3.2.2 VirusTotal Classifications}{section.3.2}% 23
\BOOKMARK [1][-]{section.3.3}{3.3 Data labeling}{chapter.3}% 24
\BOOKMARK [1][-]{section.3.4}{3.4 Dataset creation}{chapter.3}% 25
\BOOKMARK [0][-]{chapter.4}{4 Static Features}{}% 26
\BOOKMARK [1][-]{section.4.1}{4.1 Model Selection and Evaluation}{chapter.4}% 27
\BOOKMARK [2][-]{subsection.4.1.1}{4.1.1 Model Selection}{section.4.1}% 28
\BOOKMARK [2][-]{subsection.4.1.2}{4.1.2 Evaluation}{section.4.1}% 29
\BOOKMARK [1][-]{section.4.2}{4.2 Feature Selection}{chapter.4}% 30
\BOOKMARK [1][-]{section.4.3}{4.3 Single Layer Results}{chapter.4}% 31
\BOOKMARK [0][-]{chapter.5}{5 Model Improvements}{}% 32
\BOOKMARK [1][-]{section.5.1}{5.1 Multi Layer Model}{chapter.5}% 33
\BOOKMARK [2][-]{subsection.5.1.1}{5.1.1 Malware Classes}{section.5.1}% 34
\BOOKMARK [1][-]{section.5.2}{5.2 Dynamic Features}{chapter.5}% 35
\BOOKMARK [2][-]{subsection.5.2.1}{5.2.1 Category Calls}{section.5.2}% 36
\BOOKMARK [2][-]{subsection.5.2.2}{5.2.2 Library Calls}{section.5.2}% 37
\BOOKMARK [2][-]{subsection.5.2.3}{5.2.3 Cuckoo Signatures}{section.5.2}% 38
\BOOKMARK [1][-]{section.5.3}{5.3 Improved Model Results}{chapter.5}% 39
\BOOKMARK [0][-]{chapter.6}{6 Conclusions}{}% 40
\BOOKMARK [1][-]{section.6.1}{6.1 Practical Applications}{chapter.6}% 41
\BOOKMARK [2][-]{subsection.6.1.1}{6.1.1 Malware Detection Service}{section.6.1}% 42
\BOOKMARK [2][-]{subsection.6.1.2}{6.1.2 Email Attachment Scanner}{section.6.1}% 43
\BOOKMARK [1][-]{section.6.2}{6.2 Achievements}{chapter.6}% 44
\BOOKMARK [1][-]{section.6.3}{6.3 Future Work}{chapter.6}% 45
\BOOKMARK [0][-]{section*.41}{Bibliography}{}% 46
\BOOKMARK [0][-]{appendix.A}{A Malware Classes Statistics}{}% 47
\BOOKMARK [1][-]{section.A.1}{A.1 Class Statistics for Creal}{appendix.A}% 48
\BOOKMARK [1][-]{section.A.2}{A.2 Class Statistics for Cloose}{appendix.A}% 49
\BOOKMARK [1][-]{section.A.3}{A.3 Class Statistics for Cstrict}{appendix.A}% 50
